<?xml version="1.0" encoding="UTF-8"?>
<!-- Generated by org.testng.reporters.JUnitReportReporter -->
<testsuite hostname="LAPTOP-IOP631EF" failures="0" tests="2" name="nishan.CreateData" time="9.110" errors="0" timestamp="2023-08-16T13:12:34 IST" skipped="0">
  <testcase classname="nishan.CreateData" name="createData" time="9.108"/>
  <system-out/>
  <testcase classname="nishan.CreateData" name="deleteData" time="0.002"/>
  <system-out/>
</testsuite> <!-- nishan.CreateData -->
